{
  "0 debug pnpm:scope": {
    "selected": 33,
    "total": 33,
    "workspacePrefix": "/home/romuuu/tmp/vite-plugin-ssr"
  },
  "1 debug pnpm:package-manifest": {
    "initial": {
      "name": "create-vite-plugin-ssr",
      "version": "0.0.150",
      "license": "MIT",
      "bin": {
        "create-vite-plugin-ssr": "index.js"
      },
      "main": "index.js",
      "engines": {
        "node": ">=12.0.0"
      },
      "repository": "https://github.com/brillout/vite-plugin-ssr",
      "dependencies": {
        "enquirer": "^2.3.6",
        "kolorist": "^1.5.1",
        "minimist": "^1.2.5"
      }
    },
    "prefix": "/home/romuuu/tmp/vite-plugin-ssr/boilerplates"
  },
  "2 debug pnpm:package-manifest": {
    "initial": {
      "scripts": {
        "dev": "cd ../libframe/docs/ && pnpm run dev",
        "prod": "cd ../libframe/docs/ && pnpm run prod",
        "build": "cd ../libframe/docs/ && pnpm run build"
      },
      "dependencies": {
        "@mdx-js/react": "1.6.22",
        "@types/node": "^15.12.1",
        "@types/react": "^17.0.9",
        "@types/react-dom": "^17.0.6",
        "balloon-css": "^1.2.0",
        "libframe-docs": "workspace:*",
        "react": "^17.0.2",
        "react-dom": "^17.0.2",
        "typescript": "^4.3.2",
        "vite": "^2.8.4"
      },
      "type": "module"
    },
    "prefix": "/home/romuuu/tmp/vite-plugin-ssr/docs"
  },
  "3 debug pnpm:package-manifest": {
    "initial": {
      "scripts": {
        "dev": "npm run server",
        "prod": "npm run build && npm run server:prod",
        "build": "vite build && vite build --ssr",
        "server": "node ./server",
        "server:prod": "cross-env NODE_ENV=production node ./server"
      },
      "dependencies": {
        "@vitejs/plugin-react": "^1.2.0",
        "compression": "^1.7.4",
        "cross-env": "^7.0.3",
        "express": "^4.17.3",
        "react": "^17.0.2",
        "react-dom": "^17.0.2",
        "vite": "^2.8.4",
        "vite-plugin-ssr": "^0.3.64"
      }
    },
    "prefix": "/home/romuuu/tmp/vite-plugin-ssr/boilerplates/boilerplate-react"
  },
  "4 debug pnpm:package-manifest": {
    "initial": {
      "scripts": {
        "dev": "npm run server",
        "prod": "npm run build && npm run server:prod",
        "build": "vite build && vite build --ssr",
        "server": "ts-node ./server",
        "server:prod": "cross-env NODE_ENV=production ts-node ./server"
      },
      "dependencies": {
        "@types/compression": "^1.7.2",
        "@types/express": "^4.17.13",
        "@types/node": "^17.0.19",
        "@types/react": "^17.0.39",
        "@types/react-dom": "^17.0.11",
        "@vitejs/plugin-react": "^1.2.0",
        "compression": "^1.7.4",
        "cross-env": "^7.0.3",
        "express": "^4.17.3",
        "react": "^17.0.2",
        "react-dom": "^17.0.2",
        "ts-node": "^10.5.0",
        "typescript": "^4.5.5",
        "vite": "^2.8.4",
        "vite-plugin-ssr": "^0.3.64"
      }
    },
    "prefix": "/home/romuuu/tmp/vite-plugin-ssr/boilerplates/boilerplate-react-ts"
  },
  "5 debug pnpm:package-manifest": {
    "initial": {
      "scripts": {
        "dev": "npm run server",
        "prod": "npm run build && npm run server:prod",
        "build": "vite build && vite build --ssr",
        "server": "node ./server",
        "server:prod": "cross-env NODE_ENV=production node ./server"
      },
      "dependencies": {
        "@vitejs/plugin-vue": "^2.2.2",
        "@vue/compiler-sfc": "^3.2.31",
        "@vue/server-renderer": "^3.2.31",
        "compression": "^1.7.4",
        "cross-env": "^7.0.3",
        "express": "^4.17.3",
        "vite": "^2.8.4",
        "vite-plugin-ssr": "^0.3.64",
        "vue": "^3.2.31"
      }
    },
    "prefix": "/home/romuuu/tmp/vite-plugin-ssr/boilerplates/boilerplate-vue"
  },
  "6 debug pnpm:package-manifest": {
    "initial": {
      "scripts": {
        "dev": "npm run server",
        "prod": "npm run build && npm run server:prod",
        "build": "vite build && vite build --ssr",
        "server": "ts-node ./server",
        "server:prod": "cross-env NODE_ENV=production ts-node ./server"
      },
      "dependencies": {
        "@types/compression": "^1.7.2",
        "@types/express": "^4.17.13",
        "@types/node": "^17.0.19",
        "@vitejs/plugin-vue": "^2.2.2",
        "@vue/compiler-sfc": "^3.2.31",
        "@vue/server-renderer": "^3.2.31",
        "compression": "^1.7.4",
        "cross-env": "^7.0.3",
        "express": "^4.17.3",
        "ts-node": "^10.5.0",
        "typescript": "^4.5.5",
        "vite": "^2.8.4",
        "vite-plugin-ssr": "^0.3.64",
        "vue": "^3.2.31"
      }
    },
    "prefix": "/home/romuuu/tmp/vite-plugin-ssr/boilerplates/boilerplate-vue-ts"
  },
  "7 debug pnpm:package-manifest": {
    "initial": {
      "scripts": {
        "// Development": "",
        "dev": "node ./server",
        "dev:base-url": "cross-env BASE_URL=/some/base-url/ node ./server",
        "// Production": "",
        "prod": "npm run prod:ssr",
        "// With Server-Side Rendering:": "",
        "prod:ssr": "npm run build && npm run serve:ssr",
        "// With Pre-Rendering:": "",
        "prod:ssg": "npm run build && npm run build:prerender && npm run serve:ssg",
        "// Build": "",
        "build": "npm run build:clean && npm run build:client && npm run build:server",
        "build:clean": "rimraf dist/",
        "build:client": "cross-env BASE_URL=/some/base-url/ vite build",
        "build:server": "cross-env BASE_URL=/some/base-url/ vite build --ssr",
        "build:prerender": "vite-plugin-ssr prerender",
        "// Production (static) server": "",
        "serve:ssr": "cross-env NODE_ENV=production BASE_URL=/some/base-url/ node ./server",
        "serve:ssg": "cross-env NODE_ENV=production BASE_URL=/some/base-url/ node ./server/static-server"
      },
      "dependencies": {
        "@vitejs/plugin-react": "^1.2.0",
        "cross-env": "^7.0.3",
        "express": "^4.17.3",
        "react": "^17.0.2",
        "react-dom": "^17.0.2",
        "rimraf": "^3.0.2",
        "vite": "^2.8.4",
        "vite-plugin-ssr": "0.3.64"
      },
      "type": "module"
    },
    "prefix": "/home/romuuu/tmp/vite-plugin-ssr/examples/base-url"
  },
  "8 debug pnpm:package-manifest": {
    "initial": {
      "scripts": {
        "start": "npm run prod",
        "// Production": "",
        "prod": "npm run build && npm run serve",
        "// Build": "",
        "build": "npm run build:clean && npm run build:client && npm run build:server",
        "build:clean": "rimraf dist/",
        "build:client": "vite build --base http://localhost:8080/cdn/",
        "build:server": "vite build --ssr",
        "// Server + CDN": "",
        "serve": "concurrently \"npm run serve:cdn \" \"npm run serve:ssr\"",
        "serve:ssr": "node ./server/ssr",
        "serve:cdn": "node ./server/cdn"
      },
      "dependencies": {
        "@vitejs/plugin-react": "^1.2.0",
        "concurrently": "^7.0.0",
        "cors": "^2.8.5",
        "cross-env": "^7.0.3",
        "express": "^4.17.3",
        "react": "^17.0.2",
        "react-dom": "^17.0.2",
        "rimraf": "^3.0.2",
        "vite": "^2.8.4",
        "vite-plugin-ssr": "0.3.64"
      },
      "type": "module"
    },
    "prefix": "/home/romuuu/tmp/vite-plugin-ssr/examples/base-url-cdn"
  },
  "9 debug pnpm:package-manifest": {
    "initial": {
      "scripts": {
        "// Development server": "",
        "dev": "node ./dev-server",
        "// Preview worker locally": "",
        "preview:": "npm run preview:miniflare",
        "preview:miniflare": "npm run build:vite && miniflare --port 3000 worker/worker/script.js",
        "preview:wrangler": "npm run build:vite && wrangler dev --port 3000",
        "// Deploy worker to Cloudflare": "",
        "deploy": "npm run build:vite && wrangler publish",
        "// Build": "",
        "build": "npm run build:vite && npm run build:worker",
        "build:vite": "vite build && vite build --ssr",
        "build:worker": "wrangler build"
      },
      "dependencies": {
        "@cloudflare/kv-asset-handler": "~0.2.0",
        "@cloudflare/wrangler": "^1.19.8",
        "@vitejs/plugin-react": "^1.2.0",
        "express": "^4.17.3",
        "miniflare": "^1.4.1",
        "node-fetch": "^2.6.1",
        "react": "^17.0.2",
        "react-dom": "^17.0.2",
        "vite": "^2.8.4",
        "vite-plugin-ssr": "0.3.64"
      }
    },
    "prefix": "/home/romuuu/tmp/vite-plugin-ssr/examples/cloudflare-workers"
  },
  "10 debug pnpm:package-manifest": {
    "initial": {
      "type": "module",
      "main": "dist/worker.js",
      "scripts": {
        "// Development server": "",
        "dev": "node ./dev-server",
        "// Preview worker locally": "",
        "preview": "npm run preview:miniflare",
        "preview:miniflare": "npm run build:vite && miniflare --port 3000 dist/worker.js",
        "preview:wrangler": "npm run build:vite && wrangler dev --port 3000",
        "// Deploy worker to Cloudflare": "",
        "deploy": "npm run build:vite && wrangler publish",
        "// Build": "",
        "build": "npm run build:vite && npm run build:worker",
        "build:vite": "vite build && vite build --ssr",
        "build:worker": "node ./build-worker.js"
      },
      "dependencies": {
        "@cloudflare/kv-asset-handler": "~0.2.0",
        "@cloudflare/wrangler": "^1.19.8",
        "@esbuild-plugins/node-modules-polyfill": "^0.1.4",
        "@vitejs/plugin-react": "^1.2.0",
        "express": "^4.17.3",
        "esbuild": "^0.14.27",
        "miniflare": "^2.3.0",
        "node-fetch": "^3.2.3",
        "react": "^17.0.2",
        "react-dom": "^17.0.2",
        "vite": "^2.8.4",
        "vite-plugin-ssr": "0.3.64"
      }
    },
    "prefix": "/home/romuuu/tmp/vite-plugin-ssr/examples/cloudflare-workers-esbuild"
  },
  "11 debug pnpm:package-manifest": {
    "initial": {
      "scripts": {
        "// Development server": "",
        "dev": "node ./dev-server",
        "// Preview worker locally": "",
        "preview:": "npm run preview:miniflare",
        "preview:miniflare": "npm run build:vite && miniflare --port 3000 worker/worker/script.js",
        "preview:wrangler": "npm run build:vite && wrangler dev --port 3000",
        "// Deploy worker to Cloudflare": "",
        "deploy": "npm run build:vite && wrangler publish",
        "// Build": "",
        "build": "npm run build:vite && npm run build:worker",
        "build:vite": "vite build && vite build --ssr",
        "build:worker": "wrangler build"
      },
      "dependencies": {
        "@cloudflare/kv-asset-handler": "~0.2.0",
        "@cloudflare/wrangler": "^1.19.8",
        "@vitejs/plugin-vue": "^2.2.2",
        "@vue/compiler-sfc": "^3.2.31",
        "@vue/server-renderer": "^3.2.31",
        "express": "^4.17.3",
        "miniflare": "^1.4.1",
        "vite": "^2.8.4",
        "vite-plugin-ssr": "0.3.64",
        "vue": "^3.2.31",
        "webpack": "^4.46.0"
      }
    },
    "prefix": "/home/romuuu/tmp/vite-plugin-ssr/examples/cloudflare-workers-vue-html-streaming"
  },
  "12 debug pnpm:package-manifest": {
    "initial": {
      "scripts": {
        "dev": "npm run server",
        "prod": "npm run build && npm run server:prod",
        "build": "vite build && vite build --ssr",
        "server": "node ./server",
        "server:prod": "cross-env NODE_ENV=production node ./server"
      },
      "dependencies": {
        "@vitejs/plugin-react": "^1.2.0",
        "cross-env": "^7.0.3",
        "express": "^4.17.3",
        "react": "^17.0.2",
        "react-dom": "^17.0.2",
        "vite": "^2.8.4",
        "vite-plugin-ssr": "0.3.64"
      }
    },
    "prefix": "/home/romuuu/tmp/vite-plugin-ssr/examples/custom-server-render-integration"
  },
  "13 debug pnpm:package-manifest": {
    "initial": {
      "scripts": {
        "start": "npm run dev",
        "dev": "ts-node ./server",
        "prod": "npm run build && npm run prod:serve",
        "// Build for production": "",
        "build": "npm run build:clean && npm run build:vite && npm run build:prerender",
        "build:clean": "rimraf dist/",
        "build:vite": "vite build && vite build --ssr",
        "build:prerender": "vite-plugin-ssr prerender",
        "// Static serve for production": "",
        "prod:serve": "serve dist/client/ --listen 3000"
      },
      "dependencies": {
        "@vitejs/plugin-react": "^1.2.0",
        "cross-env": "^7.0.3",
        "express": "^4.17.3",
        "react": "^17.0.2",
        "react-dom": "^17.0.2",
        "rimraf": "^3.0.2",
        "serve": "^13.0.2",
        "vite": "^2.8.4",
        "vite-plugin-ssr": "0.3.64"
      }
    },
    "prefix": "/home/romuuu/tmp/vite-plugin-ssr/examples/file-structure-domain-driven"
  },
  "14 debug pnpm:package-manifest": {
    "initial": {
      "scripts": {
        "start": "node ./server"
      },
      "dependencies": {
        "@apollo/client": "^3.5.9",
        "@vitejs/plugin-react": "^1.2.0",
        "express": "^4.17.3",
        "graphql": "^16.3.0",
        "node-fetch": "^2.6.1",
        "react": "^17.0.2",
        "react-dom": "^17.0.2",
        "vite": "^2.8.4",
        "vite-plugin-ssr": "0.3.64"
      }
    },
    "prefix": "/home/romuuu/tmp/vite-plugin-ssr/examples/graphql-apollo"
  },
  "15 debug pnpm:package-manifest": {
    "initial": {
      "scripts": {
        "start": "node ./server"
      },
      "dependencies": {
        "express": "^4.17.3",
        "typescript": "^4.5.5",
        "vite": "^2.8.4",
        "vite-plugin-ssr": "0.3.64"
      }
    },
    "prefix": "/home/romuuu/tmp/vite-plugin-ssr/examples/html-fragments"
  },
  "16 debug pnpm:package-manifest": {
    "initial": {
      "scripts": {
        "start": "node ./server"
      },
      "dependencies": {
        "@vitejs/plugin-react": "^1.2.0",
        "express": "^4.17.3",
        "react": "^17.0.2",
        "react-dom": "^17.0.2",
        "vite": "^2.8.4",
        "vite-plugin-ssr": "0.3.64"
      },
      "type": "module"
    },
    "prefix": "/home/romuuu/tmp/vite-plugin-ssr/examples/i18n"
  },
  "17 debug pnpm:package-manifest": {
    "initial": {
      "scripts": {
        "dev": "node ./server",
        "prod": "npm run build && npm run static-serve",
        "// Build for production": "",
        "build": "npm run build:clean && npm run build:vite && npm run build:prerender",
        "build:clean": "rimraf dist/",
        "build:vite": "vite build && vite build --ssr",
        "build:prerender": "vite-plugin-ssr prerender",
        "// Static serve for production": "",
        "static-serve": "serve dist/client/ --listen 3000"
      },
      "dependencies": {
        "@vitejs/plugin-react": "^1.2.0",
        "express": "^4.17.3",
        "react": "^17.0.2",
        "react-dom": "^17.0.2",
        "rimraf": "^3.0.2",
        "serve": "^13.0.2",
        "vite": "^2.8.4",
        "vite-plugin-ssr": "0.3.64"
      }
    },
    "prefix": "/home/romuuu/tmp/vite-plugin-ssr/examples/i18n-prerender"
  },
  "18 debug pnpm:package-manifest": {
    "initial": {
      "imports": {
        "#root/*": "./*.ts"
      },
      "scripts": {
        "dev": "npm run server:dev",
        "prod": "npm run build && npm run server:prod",
        "prod:static": "npm run build && npm run build:prerender && npm run server:static",
        "build": "vite build && vite build --ssr",
        "build:prerender": "vite-plugin-ssr prerender",
        "server:dev": "ts-node ./server",
        "server:prod": "cross-env NODE_ENV=production ts-node ./server",
        "server:static": "serve dist/client/ --listen 3000"
      },
      "dependencies": {
        "@types/express": "^4.17.13",
        "@types/node": "^17.0.19",
        "@types/react": "^17.0.39",
        "@types/react-dom": "^17.0.11",
        "@vitejs/plugin-react": "^1.2.0",
        "cross-env": "^7.0.3",
        "express": "^4.17.3",
        "react": "^17.0.2",
        "react-dom": "^17.0.2",
        "serve": "^13.0.2",
        "ts-node": "^10.5.0",
        "typescript": "^4.5.5",
        "vite": "^2.8.4",
        "vite-plugin-ssr": "0.3.64"
      }
    },
    "prefix": "/home/romuuu/tmp/vite-plugin-ssr/examples/path-aliases"
  },
  "19 debug pnpm:package-manifest": {
    "initial": {
      "scripts": {
        "dev": "npm run server",
        "prod": "npm run build && npm run server:prod",
        "build": "vite build && vite build --ssr",
        "server": "node ./server",
        "server:prod": "cross-env NODE_ENV=production node ./server"
      },
      "dependencies": {
        "@babel/core": "^7.17.5",
        "@babel/plugin-transform-react-jsx": "^7.17.3",
        "@preact/preset-vite": "^2.1.7",
        "compression": "^1.7.4",
        "cross-env": "^7.0.3",
        "express": "^4.17.3",
        "preact": "^10.6.6",
        "preact-render-to-string": "^5.1.20",
        "vite": "^2.8.4",
        "vite-plugin-ssr": "0.3.64"
      }
    },
    "prefix": "/home/romuuu/tmp/vite-plugin-ssr/examples/preact-client-routing"
  },
  "20 debug pnpm:package-manifest": {
    "initial": {
      "scripts": {
        "dev": "npm run server",
        "prod": "npm run build && npm run server:prod",
        "build": "vite build && vite build --ssr",
        "server": "node ./server",
        "server:prod": "cross-env NODE_ENV=production node ./server"
      },
      "dependencies": {
        "@babel/core": "^7.17.5",
        "@babel/plugin-transform-react-jsx": "^7.17.3",
        "@preact/preset-vite": "^2.1.7",
        "compression": "^1.7.4",
        "cross-env": "^7.0.3",
        "express": "^4.17.3",
        "preact": "^10.6.6",
        "preact-render-to-string": "^5.1.20",
        "vite": "^2.8.4",
        "vite-plugin-ssr": "0.3.64"
      }
    },
    "prefix": "/home/romuuu/tmp/vite-plugin-ssr/examples/preact-server-routing"
  },
  "21 debug pnpm:package-manifest": {
    "initial": {
      "scripts": {
        "dev": "npm run server",
        "prod": "npm run build && npm run server:prod",
        "build": "vite build && vite build --ssr",
        "server": "node ./server",
        "server:prod": "cross-env NODE_ENV=production node ./server"
      },
      "dependencies": {
        "@vitejs/plugin-react": "^1.2.0",
        "cross-env": "^7.0.3",
        "express": "^4.17.3",
        "react": "^17.0.2",
        "react-dom": "^17.0.2",
        "vite": "^2.8.4",
        "vite-plugin-ssr": "0.3.64"
      }
    },
    "prefix": "/home/romuuu/tmp/vite-plugin-ssr/examples/react"
  },
  "22 debug pnpm:package-manifest": {
    "initial": {
      "scripts": {
        "start": "npm run dev",
        "dev": "ts-node ./server",
        "prod": "npm run build && npm run prod:serve",
        "// Build for production": "",
        "build": "npm run build:clean && npm run build:vite && npm run build:prerender",
        "build:clean": "rimraf dist/",
        "build:vite": "vite build && vite build --ssr",
        "build:prerender": "vite-plugin-ssr prerender",
        "// Static serve for production": "",
        "prod:serve": "serve dist/client/ --listen 3000"
      },
      "dependencies": {
        "@mdx-js/mdx": "^2.0.0",
        "@mdx-js/react": "^2.0.0",
        "@mdx-js/rollup": "^2.0.0",
        "@types/express": "^4.17.13",
        "@types/node": "^17.0.19",
        "@types/node-fetch": "^2.5.12",
        "@vitejs/plugin-react": "^1.2.0",
        "cross-fetch": "^3.1.5",
        "express": "^4.17.3",
        "node-fetch": "^2.6.1",
        "react": "^18.0.0-rc.0",
        "react-dom": "^18.0.0-rc.0",
        "rimraf": "^3.0.2",
        "serve": "^13.0.2",
        "ts-node": "^10.5.0",
        "typescript": "^4.5.5",
        "vite": "^2.8.4",
        "vite-plugin-ssr": "0.3.64"
      },
      "type": "module"
    },
    "prefix": "/home/romuuu/tmp/vite-plugin-ssr/examples/react-full"
  },
  "23 debug pnpm:package-manifest": {
    "initial": {
      "scripts": {
        "start": "node ./server"
      },
      "dependencies": {
        "@vitejs/plugin-react": "^1.2.0",
        "express": "^4.17.3",
        "react": "^17.0.2",
        "react-dom": "^17.0.2",
        "react-router": "^5.2.1",
        "react-router-dom": "^5.3.0",
        "vite": "^2.8.4",
        "vite-plugin-ssr": "0.3.64"
      }
    },
    "prefix": "/home/romuuu/tmp/vite-plugin-ssr/examples/react-router"
  },
  "24 debug pnpm:package-manifest": {
    "initial": {
      "scripts": {
        "start": "node ./server"
      },
      "dependencies": {
        "@vitejs/plugin-react": "^1.2.0",
        "express": "^4.17.3",
        "react": "^17.0.2",
        "react-dom": "^17.0.2",
        "react-redux": "^7.2.6",
        "redux": "^4.1.2",
        "vite": "^2.8.4",
        "vite-plugin-ssr": "0.3.64"
      },
      "type": "module"
    },
    "prefix": "/home/romuuu/tmp/vite-plugin-ssr/examples/redux"
  },
  "25 debug pnpm:package-manifest": {
    "initial": {
      "scripts": {
        "dev": "npm run server",
        "prod": "npm run build && npm run server:prod",
        "build": "vite build && vite build --ssr",
        "server": "ts-node ./server",
        "server:prod": "cross-env NODE_ENV=production ts-node ./server"
      },
      "dependencies": {
        "@types/express": "^4.17.12",
        "@types/node": "^15.12.1",
        "cross-env": "^7.0.3",
        "express": "^4.17.1",
        "solid-js": "^1.1.0",
        "ts-node": "^9.1.1",
        "typescript": "^4.3.2",
        "vite": "^2.8.4",
        "vite-plugin-solid": "^2.0.1",
        "vite-plugin-ssr": "0.3.64"
      }
    },
    "prefix": "/home/romuuu/tmp/vite-plugin-ssr/examples/solid"
  },
  "26 debug pnpm:package-manifest": {
    "initial": {
      "scripts": {
        "dev": "npm run server",
        "prod": "npm run build && npm run server:prod",
        "build": "vite build && vite build --ssr",
        "server": "ts-node ./server",
        "server:prod": "cross-env NODE_ENV=production ts-node ./server"
      },
      "dependencies": {
        "@types/express": "^4.17.13",
        "@types/node": "^17.0.19",
        "@types/react": "^17.0.39",
        "@types/react-dom": "^17.0.11",
        "@vitejs/plugin-react": "^1.2.0",
        "cross-env": "^7.0.3",
        "express": "^4.17.3",
        "graphql": "^16.3.0",
        "isomorphic-fetch": "^3.0.0",
        "node-fetch": "^3.0.0",
        "react": "^17.0.2",
        "react-dom": "^17.0.2",
        "react-ssr-prepass": "^1.5.0",
        "ts-node": "^10.5.0",
        "typescript": "^4.5.5",
        "urql": "^2.1.3",
        "vite": "^2.8.4",
        "vite-plugin-ssr": "0.3.64"
      }
    },
    "prefix": "/home/romuuu/tmp/vite-plugin-ssr/examples/urql"
  },
  "27 debug pnpm:package-manifest": {
    "initial": {
      "scripts": {
        "build": "vite build && vite build --ssr",
        "vercel-build": "./vercel/deploy.sh",
        "// For increased dev speed we use an Express.js dev server instead of `vercel dev`": "",
        "dev": "node ./dev-server"
      },
      "dependencies": {
        "@vercel/ncc": "0.32.0",
        "@vitejs/plugin-vue": "^1.10.1",
        "@vue/compiler-sfc": "^3.2.24",
        "@vue/server-renderer": "^3.2.24",
        "esbuild": "^0.13.12",
        "express": "^4.17.1",
        "vite": "^2.8.4",
        "vite-plugin-ssr": "0.3.64",
        "vue": "^3.2.24"
      }
    },
    "prefix": "/home/romuuu/tmp/vite-plugin-ssr/examples/vercel"
  },
  "28 debug pnpm:package-manifest": {
    "initial": {
      "scripts": {
        "dev": "npm run server",
        "prod": "npm run build && npm run server:prod",
        "build": "vite build && vite build --ssr",
        "server": "node ./server",
        "server:prod": "cross-env NODE_ENV=production node ./server"
      },
      "dependencies": {
        "@vitejs/plugin-vue": "^2.2.2",
        "@vue/compiler-sfc": "^3.2.31",
        "@vue/server-renderer": "^3.2.31",
        "cross-env": "^7.0.3",
        "express": "^4.17.3",
        "vite": "^2.8.4",
        "vite-plugin-ssr": "0.3.64",
        "vue": "^3.2.31"
      }
    },
    "prefix": "/home/romuuu/tmp/vite-plugin-ssr/examples/vue"
  },
  "29 debug pnpm:package-manifest": {
    "initial": {
      "scripts": {
        "start": "npm run dev",
        "dev": "ts-node ./server",
        "prod": "npm run build && npm run prod:serve",
        "// Build for production": "",
        "build": "npm run build:clean && npm run build:vite",
        "build:clean": "rimraf dist/",
        "build:vite": "vite build && vite build --ssr",
        "build:prerender": "vite-plugin-ssr prerender",
        "// Static serve for production": "",
        "prod:serve": "cross-env NODE_ENV=production ts-node ./server"
      },
      "dependencies": {
        "@types/express": "^4.17.13",
        "@types/node": "^17.0.19",
        "@types/node-fetch": "^2.5.12",
        "@vitejs/plugin-vue": "^2.2.2",
        "@vue/compiler-sfc": "3.2.31",
        "@vue/server-renderer": "3.2.31",
        "cross-fetch": "^3.1.5",
        "express": "^4.17.3",
        "node-fetch": "^2.6.1",
        "rimraf": "^3.0.2",
        "serve": "^13.0.2",
        "cross-env": "^7.0.3",
        "ts-node": "^10.5.0",
        "typescript": "^4.5.5",
        "vite": "^2.8.4",
        "vite-plugin-md": "^0.11.8",
        "vite-plugin-ssr": "0.3.64",
        "vue": "3.2.31"
      }
    },
    "prefix": "/home/romuuu/tmp/vite-plugin-ssr/examples/vue-full"
  },
  "30 debug pnpm:package-manifest": {
    "initial": {
      "scripts": {
        "start": "node ./server"
      },
      "dependencies": {
        "@vitejs/plugin-vue": "^2.2.2",
        "@vue/compiler-sfc": "^3.2.31",
        "@vue/server-renderer": "^3.2.31",
        "express": "^4.17.3",
        "vite": "^2.8.4",
        "vite-plugin-ssr": "0.3.64",
        "vue": "^3.2.31",
        "vue-router": "^4.0.12"
      }
    },
    "prefix": "/home/romuuu/tmp/vite-plugin-ssr/examples/vue-router"
  },
  "31 debug pnpm:package-manifest": {
    "initial": {
      "scripts": {
        "start": "node ./server"
      },
      "dependencies": {
        "@vitejs/plugin-vue": "^2.2.2",
        "@vue/compiler-sfc": "^3.2.31",
        "@vue/server-renderer": "^3.2.31",
        "express": "^4.17.3",
        "vite": "^2.8.4",
        "vite-plugin-ssr": "0.3.64",
        "vue": "^3.2.31",
        "vuex": "^4.0.2"
      }
    },
    "prefix": "/home/romuuu/tmp/vite-plugin-ssr/examples/vuex"
  },
  "32 debug pnpm:package-manifest": {
    "initial": {
      "packageManager": "pnpm@6.21.0",
      "scripts": {
        "========= Docs": "",
        "// Develop website https://vite-plugin-ssr.com": "",
        "docs": "cd libframe/docs/ && pnpm run dev",
        "// Build https://vite-plugin-ssr.com for production": "",
        "docs:build": "cd libframe/docs/ && pnpm run build",
        "// Simulate https://vite-plugin-ssr.com for production": "",
        "docs:prod": "cd libframe/docs/ && pnpm run prod",
        "========= Test": "",
        "// Run tests": "",
        "test": "cd libframe/test/ && pnpm run test --bail",
        "// Run `$ pnpm test:setup` before running `$ pnpm test`": "",
        "test:setup": "pnpm run clean && pnpm install && pnpm run build",
        "========= Dev": "",
        "// Develop vite-plugin-ssr": "",
        "dev": "cd vite-plugin-ssr/ && pnpm run dev",
        "dev:cjs": "cd vite-plugin-ssr/ && pnpm run dev:cjs",
        "dev:esm": "cd vite-plugin-ssr/ && pnpm run dev:esm",
        "// Run `$ pnpm dev:setup` before running `$ pnpm dev`": "",
        "dev:setup": "pnpm run clean && pnpm install",
        "========= Build": "",
        "// Build vite-plugin-ssr": "",
        "build": "cd vite-plugin-ssr/ && pnpm run build",
        "========= Handle ./libframe/ submodule": "",
        "setup": "pnpm run libframe:clone",
        "pnpm:devPreinstall": "pnpm run libframe:check",
        "postinstall": "pnpm run libframe:init",
        "libframe:check": "node ./.libframe-submodule/check.js",
        "libframe:clone": "node ./.libframe-submodule/clone.js ",
        "libframe:init": "pnpm exec submodule-init libframe/",
        "========= Upgrade deps": "",
        "// Upgrade all dependencies of all `package.json` that have tests": "",
        "bump": "cd libframe/scripts/ && pnpm run bump",
        "========= Release": "",
        "release": "cd libframe/scripts/ && pnpm run release",
        "========= Clean": "",
        "// Remove all generated files": "",
        "clean": "git clean -Xdf",
        "========= Only allow pnpm; forbid yarn & npm": "",
        "preinstall": "npx only-allow pnpm"
      },
      "dependencies": {
        "@brillout/submodule-init": "0.1.2"
      }
    },
    "prefix": "/home/romuuu/tmp/vite-plugin-ssr"
  },
  "33 debug pnpm:package-manifest": {
    "initial": {
      "name": "vite-plugin-ssr",
      "version": "0.3.64",
      "dependencies": {
        "@brillout/json-s": "^0.4.3",
        "@brillout/libassert": "^0.5.4",
        "cac": "^6.7.12",
        "es-module-lexer": "^0.10.0",
        "fast-glob": "^3.2.11",
        "kolorist": "^1.5.1",
        "p-limit": "^3.1.0",
        "vite-plugin-import-build": "^0.1.3"
      },
      "scripts": {
        "build": "rm -rf dist/ && tsc --build && pnpm run tsc:tests",
        "dev": "pnpm run dev:fast",
        "// `dev:fast` and `dev:slow` achieve the same, but `dev:fast` is much faster": "",
        "dev:slow": "tsc --build --watch",
        "dev:fast": "pnpm run tsc:watch:node & pnpm run tsc:watch:client",
        "tsc:watch:node": "tsc --incremental --watch --project ./node/tsconfig.json",
        "tsc:watch:client": "tsc --incremental --watch --project ./client/tsconfig.json",
        "tsc:tests": "tsc --project ./tsconfig.tests.json"
      },
      "devDependencies": {
        "@types/jest": "^27.4.1",
        "@types/node": "17.0.19",
        "rollup": "^2.68.0",
        "typescript": "^4.5.5",
        "vite": "^2.8.4"
      },
      "peerDependencies": {
        "vite": "^2.8.4"
      },
      "engines": {
        "node": ">=12.19.0"
      },
      "main": "./dist/cjs/node/index.js",
      "exports": {
        ".": {
          "node": "./dist/cjs/node/index.js",
          "browser": "./dist/esm/client/node.js"
        },
        "./client": {
          "browser": "./dist/esm/client/index.js"
        },
        "./client/router": {
          "node": "./dist/cjs/node/client/router.js",
          "browser": "./dist/esm/client/router/index.js"
        },
        "./cli": {
          "node": "./dist/cjs/node/cli/index.js"
        },
        "./plugin": {
          "node": "./dist/cjs/node/plugin/index.js"
        }
      },
      "files": [
        "dist/cjs/",
        "dist/esm/",
        "cli.d.ts",
        "client.d.ts",
        "client/router.d.ts",
        "plugin.d.ts",
        "types.d.ts",
        "cli.js",
        "client.js",
        "client/router.js",
        "plugin.js"
      ],
      "bin": {
        "vite-plugin-ssr": "./node/bin/vite-plugin-ssr.js"
      },
      "description": "Like Next.js / Nuxt but as do-one-thing-do-it-well Vite plugin",
      "repository": "https://github.com/brillout/vite-plugin-ssr",
      "license": "MIT",
      "keywords": [
        "vite",
        "vite-plugin",
        "ssr"
      ]
    },
    "prefix": "/home/romuuu/tmp/vite-plugin-ssr/vite-plugin-ssr"
  },
  "34 debug pnpm:context": {
    "currentLockfileExists": false,
    "storeDir": "/home/romuuu/.pnpm-store/v3",
    "virtualStoreDir": "/home/romuuu/tmp/vite-plugin-ssr/node_modules/.pnpm"
  },
  "35 debug pnpm:lifecycle": {
    "depPath": "/home/romuuu/tmp/vite-plugin-ssr",
    "optional": false,
    "script": "pnpm run libframe:check",
    "stage": "pnpm:devPreinstall",
    "wd": "/home/romuuu/tmp/vite-plugin-ssr"
  },
  "36 debug pnpm:lifecycle": {
    "depPath": "/home/romuuu/tmp/vite-plugin-ssr",
    "line": "> @ libframe:check /home/romuuu/tmp/vite-plugin-ssr",
    "stage": "pnpm:devPreinstall",
    "stdio": "stdout",
    "wd": "/home/romuuu/tmp/vite-plugin-ssr"
  },
  "37 debug pnpm:lifecycle": {
    "depPath": "/home/romuuu/tmp/vite-plugin-ssr",
    "line": "> node ./.libframe-submodule/check.js",
    "stage": "pnpm:devPreinstall",
    "stdio": "stdout",
    "wd": "/home/romuuu/tmp/vite-plugin-ssr"
  },
  "38 debug pnpm:lifecycle": {
    "depPath": "/home/romuuu/tmp/vite-plugin-ssr",
    "line": "❗❗❗❗❗❗❗❗❗❗❗❗❗❗❗❗❗❗❗❗❗❗❗❗❗❗❗❗❗❗❗❗❗❗❗❗❗❗❗❗",
    "stage": "pnpm:devPreinstall",
    "stdio": "stdout",
    "wd": "/home/romuuu/tmp/vite-plugin-ssr"
  },
  "39 debug pnpm:lifecycle": {
    "depPath": "/home/romuuu/tmp/vite-plugin-ssr",
    "line": "❗❗❗ SETUP MISSING: run `pnpm run setup` before running `pnpm install`. ❗❗❗",
    "stage": "pnpm:devPreinstall",
    "stdio": "stdout",
    "wd": "/home/romuuu/tmp/vite-plugin-ssr"
  },
  "40 debug pnpm:lifecycle": {
    "depPath": "/home/romuuu/tmp/vite-plugin-ssr",
    "line": "❗❗❗❗❗❗❗❗❗❗❗❗❗❗❗❗❗❗❗❗❗❗❗❗❗❗❗❗❗❗❗❗❗❗❗❗❗❗❗❗",
    "stage": "pnpm:devPreinstall",
    "stdio": "stdout",
    "wd": "/home/romuuu/tmp/vite-plugin-ssr"
  },
  "41 debug pnpm:lifecycle": {
    "depPath": "/home/romuuu/tmp/vite-plugin-ssr",
    "line": " ELIFECYCLE  Command failed with exit code 1.",
    "stage": "pnpm:devPreinstall",
    "stdio": "stdout",
    "wd": "/home/romuuu/tmp/vite-plugin-ssr"
  },
  "42 debug pnpm:lifecycle": {
    "depPath": "/home/romuuu/tmp/vite-plugin-ssr",
    "exitCode": 1,
    "optional": false,
    "stage": "pnpm:devPreinstall",
    "wd": "/home/romuuu/tmp/vite-plugin-ssr"
  },
  "43 error pnpm": {
    "errno": 1,
    "code": "ELIFECYCLE",
    "pkgid": "@",
    "stage": "pnpm:devPreinstall",
    "script": "pnpm run libframe:check",
    "err": {
      "name": "pnpm",
      "message": "@ pnpm:devPreinstall: `pnpm run libframe:check`\nExit status 1",
      "code": "ELIFECYCLE",
      "stack": "pnpm: @ pnpm:devPreinstall: `pnpm run libframe:check`\nExit status 1\n    at EventEmitter.<anonymous> (/home/romuuu/.node/corepack/pnpm/6.21.0/dist/pnpm.cjs:103336:20)\n    at EventEmitter.emit (node:events:520:28)\n    at ChildProcess.<anonymous> (/home/romuuu/.node/corepack/pnpm/6.21.0/dist/pnpm.cjs:91276:18)\n    at ChildProcess.emit (node:events:520:28)\n    at maybeClose (node:internal/child_process:1092:16)\n    at Process.ChildProcess._handle.onexit (node:internal/child_process:302:5)"
    }
  },
  "44 warn pnpm:global": " Local package.json exists, but node_modules missing, did you mean to install?"
}